<?xml version="1.0" encoding="UTF-8"?>
<!-- Generated by org.testng.reporters.JUnitReportReporter -->
<testsuite skipped="0" hostname="ATAXIMAIMAITI" name="APITesting.com.org.api.WeatherGetRequest" tests="1" failures="0" timestamp="05 Oct 2017 19:22:20 GMT" time="6.233" errors="0">
  <testcase name="Test_08" time="6.233" classname="APITesting.com.org.api.WeatherGetRequest"/>
</testsuite> <!-- APITesting.com.org.api.WeatherGetRequest -->
